<?xml version="1.0" encoding="UTF-8"?>
<!-- Generated by org.testng.reporters.JUnitReportReporter -->
<testsuite hostname="DESKTOP-OTN8D0S" failures="0" tests="2" name="test.First" time="60.794" errors="0" timestamp="07 Feb 2018 17:56:15 GMT" skipped="0">
  <testcase classname="test.First" name="firstTest" time="28.333"/>
  <testcase classname="test.First" name="secondTest" time="32.461"/>
</testsuite> <!-- test.First -->
