<?xml version="1.0" encoding="UTF-8"?>
<!-- Generated by org.testng.reporters.JUnitReportReporter -->
<testsuite hostname="DESKTOP-OTN8D0S" failures="0" tests="2" name="test.Parallel" time="0.044" errors="0" timestamp="07 Feb 2018 18:06:22 GMT" skipped="0">
  <testcase classname="test.Parallel" name="test2" time="0.007"/>
  <testcase classname="test.Parallel" name="test1" time="0.037"/>
</testsuite> <!-- test.Parallel -->
