<?xml version="1.0" encoding="UTF-8"?>
<!-- Generated by org.testng.reporters.JUnitReportReporter -->
<testsuite hostname="DESKTOP-OTN8D0S" failures="0" tests="4" name="test.First" time="96.472" errors="0" timestamp="06 Feb 2018 08:14:16 GMT" skipped="0">
  <testcase classname="test.First" name="firstTest" time="24.256"/>
  <testcase classname="test.First" name="secondTest" time="20.885"/>
  <testcase classname="test.First" name="firstTest" time="24.609"/>
  <testcase classname="test.First" name="secondTest" time="26.722"/>
</testsuite> <!-- test.First -->
