<?xml version="1.0" encoding="UTF-8"?>
<!-- Generated by org.testng.reporters.JUnitReportReporter -->
<testsuite hostname="DESKTOP-OTN8D0S" failures="0" tests="2" name="test.First" time="99.488" errors="0" timestamp="07 Feb 2018 05:29:46 GMT" skipped="0">
  <testcase classname="test.First" name="firstTest" time="61.273"/>
  <testcase classname="test.First" name="secondTest" time="38.215"/>
</testsuite> <!-- test.First -->
